<?xml version="1.0" encoding="UTF-8"?>
<!-- Generated by org.testng.reporters.JUnitXMLReporter -->
<testsuite hostname="LAPTOP-GDP44H0U" ignored="0" name="Default test" tests="3" failures="0" timestamp="2020-03-03T00:48:38 IST" time="0.047" errors="0">
  <testcase name="GoogleTitleTest" time="0.004" classname="TestNG.TestNG"/>
  <testcase name="PasteData" time="0.002" classname="TestNG.TestNG"/>
  <testcase name="SearchTest" time="0.001" classname="TestNG.TestNG"/>
</testsuite> <!-- Default test -->
