<?xml version="1.0" encoding="UTF-8"?>
<testng-results skipped="0" failed="0" ignored="0" total="3" passed="3">
  <reporter-output>
  </reporter-output>
  <suite name="Default suite" duration-ms="47" started-at="2020-03-03T00:48:38 IST" finished-at="2020-03-03T00:48:38 IST">
    <groups>
    </groups>
    <test name="Default test" duration-ms="47" started-at="2020-03-03T00:48:38 IST" finished-at="2020-03-03T00:48:38 IST">
      <class name="TestNG.TestNG">
        <test-method status="PASS" signature="setup()[pri:0, instance:TestNG.TestNG@1d7acb34]" name="setup" is-config="true" duration-ms="15" started-at="2020-03-03T00:48:38 IST" finished-at="2020-03-03T00:48:38 IST">
          <reporter-output>
          </reporter-output>
        </test-method> <!-- setup -->
        <test-method status="PASS" signature="LaunchBrowse()[pri:0, instance:TestNG.TestNG@1d7acb34]" name="LaunchBrowse" is-config="true" duration-ms="1" started-at="2020-03-03T00:48:38 IST" finished-at="2020-03-03T00:48:38 IST">
          <reporter-output>
          </reporter-output>
        </test-method> <!-- LaunchBrowse -->
        <test-method status="PASS" signature="Login()[pri:0, instance:TestNG.TestNG@1d7acb34]" name="Login" is-config="true" duration-ms="0" started-at="2020-03-03T00:48:38 IST" finished-at="2020-03-03T00:48:38 IST">
          <reporter-output>
          </reporter-output>
        </test-method> <!-- Login -->
        <test-method status="PASS" signature="EnterURL()[pri:0, instance:TestNG.TestNG@1d7acb34]" name="EnterURL" is-config="true" duration-ms="0" started-at="2020-03-03T00:48:38 IST" finished-at="2020-03-03T00:48:38 IST">
          <reporter-output>
          </reporter-output>
        </test-method> <!-- EnterURL -->
        <test-method status="PASS" signature="GoogleTitleTest()[pri:0, instance:TestNG.TestNG@1d7acb34]" name="GoogleTitleTest" duration-ms="4" started-at="2020-03-03T00:48:38 IST" finished-at="2020-03-03T00:48:38 IST">
          <reporter-output>
          </reporter-output>
        </test-method> <!-- GoogleTitleTest -->
        <test-method status="PASS" signature="Logout()[pri:0, instance:TestNG.TestNG@1d7acb34]" name="Logout" is-config="true" duration-ms="1" started-at="2020-03-03T00:48:38 IST" finished-at="2020-03-03T00:48:38 IST">
          <reporter-output>
          </reporter-output>
        </test-method> <!-- Logout -->
        <test-method status="PASS" signature="PasteData()[pri:0, instance:TestNG.TestNG@1d7acb34]" name="PasteData" duration-ms="2" started-at="2020-03-03T00:48:38 IST" finished-at="2020-03-03T00:48:38 IST">
          <reporter-output>
          </reporter-output>
        </test-method> <!-- PasteData -->
        <test-method status="PASS" signature="EnterURL()[pri:0, instance:TestNG.TestNG@1d7acb34]" name="EnterURL" is-config="true" duration-ms="0" started-at="2020-03-03T00:48:38 IST" finished-at="2020-03-03T00:48:38 IST">
          <reporter-output>
          </reporter-output>
        </test-method> <!-- EnterURL -->
        <test-method status="PASS" signature="Logout()[pri:0, instance:TestNG.TestNG@1d7acb34]" name="Logout" is-config="true" duration-ms="1" started-at="2020-03-03T00:48:38 IST" finished-at="2020-03-03T00:48:38 IST">
          <reporter-output>
          </reporter-output>
        </test-method> <!-- Logout -->
        <test-method status="PASS" signature="EnterURL()[pri:0, instance:TestNG.TestNG@1d7acb34]" name="EnterURL" is-config="true" duration-ms="1" started-at="2020-03-03T00:48:38 IST" finished-at="2020-03-03T00:48:38 IST">
          <reporter-output>
          </reporter-output>
        </test-method> <!-- EnterURL -->
        <test-method status="PASS" signature="SearchTest()[pri:0, instance:TestNG.TestNG@1d7acb34]" name="SearchTest" duration-ms="1" started-at="2020-03-03T00:48:38 IST" finished-at="2020-03-03T00:48:38 IST">
          <reporter-output>
          </reporter-output>
        </test-method> <!-- SearchTest -->
        <test-method status="PASS" signature="Logout()[pri:0, instance:TestNG.TestNG@1d7acb34]" name="Logout" is-config="true" duration-ms="0" started-at="2020-03-03T00:48:38 IST" finished-at="2020-03-03T00:48:38 IST">
          <reporter-output>
          </reporter-output>
        </test-method> <!-- Logout -->
        <test-method status="PASS" signature="CloseBrowser()[pri:0, instance:TestNG.TestNG@1d7acb34]" name="CloseBrowser" is-config="true" duration-ms="1" started-at="2020-03-03T00:48:38 IST" finished-at="2020-03-03T00:48:38 IST">
          <reporter-output>
          </reporter-output>
        </test-method> <!-- CloseBrowser -->
        <test-method status="PASS" signature="deleteCookies()[pri:0, instance:TestNG.TestNG@1d7acb34]" name="deleteCookies" is-config="true" duration-ms="0" started-at="2020-03-03T00:48:38 IST" finished-at="2020-03-03T00:48:38 IST">
          <reporter-output>
          </reporter-output>
        </test-method> <!-- deleteCookies -->
        <test-method status="PASS" signature="GenerateTestReport()[pri:0, instance:TestNG.TestNG@1d7acb34]" name="GenerateTestReport" is-config="true" duration-ms="1" started-at="2020-03-03T00:48:38 IST" finished-at="2020-03-03T00:48:38 IST">
          <reporter-output>
          </reporter-output>
        </test-method> <!-- GenerateTestReport -->
      </class> <!-- TestNG.TestNG -->
    </test> <!-- Default test -->
  </suite> <!-- Default suite -->
</testng-results>
